<?xml version="1.0" encoding="UTF-8"?>
<!-- Generated by org.testng.reporters.JUnitReportReporter -->
<testsuite hostname="DESKTOP-G7QUAJ4" failures="0" tests="1" name="PK1OrangeHRM.OrangeHRMusingSeleniumIDECode" time="46.057" errors="0" timestamp="03 Nov 2024 03:33:09 GMT" skipped="0">
  <testcase classname="PK1OrangeHRM.OrangeHRMusingSeleniumIDECode" name="orangeHRMLogin" time="46.057"/>
</testsuite> <!-- PK1OrangeHRM.OrangeHRMusingSeleniumIDECode -->
