<?xml version="1.0" encoding="UTF-8"?>
<!-- Generated by org.testng.reporters.JUnitReportReporter -->
<testsuite hostname="DESKTOP-G7QUAJ4" failures="0" tests="2" name="PK1.NewTest" time="0.042" errors="0" timestamp="02 Oct 2024 08:10:37 GMT" skipped="0">
  <testcase classname="PK1.NewTest" name="LoginPage" time="0.039"/>
  <testcase classname="PK1.NewTest" name="LoginPage" time="0.003"/>
</testsuite> <!-- PK1.NewTest -->
