<?xml version="1.0" encoding="UTF-8"?>
<!-- Generated by org.testng.reporters.JUnitReportReporter -->
<testsuite hostname="DESKTOP-G7QUAJ4" failures="0" tests="1" name="PK1OrangeHRM.OrangeHRMusingSeleniumIDECode" time="45.663" errors="0" timestamp="04 Nov 2024 05:37:40 GMT" skipped="0">
  <testcase classname="PK1OrangeHRM.OrangeHRMusingSeleniumIDECode" name="orangeHRMLogin" time="45.663"/>
</testsuite> <!-- PK1OrangeHRM.OrangeHRMusingSeleniumIDECode -->
